C51 COMPILER V9.00   HELPER                                                                09/16/2019 22:21:39 PAGE 1   


C51 COMPILER V9.00, COMPILATION OF MODULE HELPER
OBJECT MODULE PLACED IN .\Objects\Helper.obj
COMPILER INVOKED BY: D:\Keil_v5\C51\BIN\C51.EXE Helper.c OPTIMIZE(8,SPEED) BROWSE DEBUG OBJECTEXTEND PRINT(.\Listings\He
                    -lper.lst) TABS(2) OBJECT(.\Objects\Helper.obj)

line level    source

   1          /* 字符串转小写 */
   2          void toLower(unsigned char* str)
   3          {
   4   1          int i;
   5   1          if(str==0)return;
   6   1          for (i = 0; str[i]!='\0'; i++)
   7   1          {
   8   2              if(str[i]>='A'&&str[i]<='Z')str[i]=str[i]+0x20;
   9   2          }
  10   1          
  11   1      }


MODULE INFORMATION:   STATIC OVERLAYABLE
   CODE SIZE        =     61    ----
   CONSTANT SIZE    =   ----    ----
   XDATA SIZE       =   ----    ----
   PDATA SIZE       =   ----    ----
   DATA SIZE        =   ----       3
   IDATA SIZE       =   ----    ----
   BIT SIZE         =   ----    ----
END OF MODULE INFORMATION.


C51 COMPILATION COMPLETE.  0 WARNING(S),  0 ERROR(S)
