C51 COMPILER V9.00   UART                                                                  09/16/2019 22:21:40 PAGE 1   


C51 COMPILER V9.00, COMPILATION OF MODULE UART
OBJECT MODULE PLACED IN .\Objects\Uart.obj
COMPILER INVOKED BY: D:\Keil_v5\C51\BIN\C51.EXE Uart.c OPTIMIZE(8,SPEED) BROWSE DEBUG OBJECTEXTEND PRINT(.\Listings\Uart
                    -.lst) TABS(2) OBJECT(.\Objects\Uart.obj)

line level    source

   1          #include "Uart.h"
   2          
   3          void SendByte(char dat)
   4          {
   5   1        SBUF = dat;
   6   1        while(TI == 0);
   7   1        TI = 0;
   8   1      }
   9          
  10          void SendStr(char *str)
  11          {
  12   1        if (str==0)return;
  13   1        
  14   1        while(*str != '\0')
  15   1        {
  16   2          SendByte(*str);
  17   2          str++;
  18   2        }
  19   1      }
  20          
  21          void SendLine(char *str)
  22          {
  23   1        SendStr(str);
  24   1        SendStr("\r\n");
  25   1      }
  26          
  27          void SendStr2(char *str,char *fcolor,char *bcolor)
  28          {
  29   1        SendStr(fcolor);
  30   1        SendStr(bcolor);
  31   1        SendStr(str);
  32   1        SendStr(DEFAULT_F_COLOR);
  33   1        SendStr(DEFAULT_B_COLOR);
  34   1      }
  35          
  36          void SendLine2(char *str,char *fcolor,char *bcolor)
  37          {
  38   1        SendStr2(str,fcolor,bcolor);
  39   1        SendStr("\r\n");
  40   1      }
  41          
  42          void SendHexByte(unsigned char dat)
  43          {
  44   1        unsigned char second=dat%0x10;
  45   1        SendByte("0123456789ABCDEF"[(dat-second)/0x10]);
  46   1        SendByte("0123456789ABCDEF"[second]);
  47   1        SendByte(0x20);
  48   1      }
  49          
  50          void SendHexString(char *str,int lenght)
  51          {
  52   1        int i=0;
  53   1        for(;i<lenght;i++)SendHexByte(str[i]);
  54   1      }
C51 COMPILER V9.00   UART                                                                  09/16/2019 22:21:40 PAGE 2   

  55          
  56          void UartInit(void)   //115200bps@30.000MHz
  57          {
  58   1        PCON &= 0x7F;   //波特率不倍速
  59   1        SCON = 0x50;    //8位数据,可变波特率
  60   1        AUXR |= 0x40;   //定时器1时钟为Fosc,即1T
  61   1        AUXR &= 0xFE;   //串口1选择定时器1为波特率发生器
  62   1        TMOD &= 0x0F;   //清除定时器1模式位
  63   1        TMOD |= 0x20;   //设定定时器1为8位自动重装方式
  64   1        TL1 = 0xF8;   //设定定时初值
  65   1        TH1 = 0xF8;   //设定定时器重装值
  66   1        ET1 = 0;    //禁止定时器1中断
  67   1        TR1 = 1;    //启动定时器1
  68   1      }
  69          
  70          void SendUInt(unsigned int number)
  71          {
  72   1        char buff[32];
  73   1        int i=0;
  74   1        do
  75   1        {
  76   2          buff[i]=number%10;
  77   2          number=(number-buff[i])/10;
  78   2          i++;
  79   2        }while(number>0);
  80   1        for (i--; i >=0; i--)SendByte(buff[i]+0x30);
  81   1      }


MODULE INFORMATION:   STATIC OVERLAYABLE
   CODE SIZE        =    368    ----
   CONSTANT SIZE    =     34    ----
   XDATA SIZE       =   ----    ----
   PDATA SIZE       =   ----    ----
   DATA SIZE        =   ----      59
   IDATA SIZE       =   ----    ----
   BIT SIZE         =   ----    ----
END OF MODULE INFORMATION.


C51 COMPILATION COMPLETE.  0 WARNING(S),  0 ERROR(S)
